<?xml version="1.0"?>
<testsuite name="Edge 150.0.0.0 (Windows 10)" package="" timestamp="2026-07-16T21:46:42" id="0" hostname="0xRootNull" tests="80" errors="0" failures="0" time="2.816">
  <properties>
    <property name="browser.fullName" value="Mozilla/5.0 (Windows NT 10.0; Win64; x64) AppleWebKit/537.36 (KHTML, like Gecko) HeadlessChrome/150.0.0.0 Safari/537.36 Edg/150.0.0.0"/>
  </properties>
  <testcase name="WebSocketService should be created" time="0.009" classname="WebSocketService"/>
  <testcase name="SatsPipe create an instance" time="0" classname="SatsPipe"/>
  <testcase name="SystemComponent should create" time="0.049" classname="SystemComponent"/>
  <testcase name="ShareRejectionExplanationService should return explanations for known keys from JSON" time="0.003" classname="ShareRejectionExplanationService"/>
  <testcase name="ShareRejectionExplanationService should return null for unknown key" time="0.002" classname="ShareRejectionExplanationService"/>
  <testcase name="CommandDeckComponent should clamp gauge offsets" time="0.07" classname="CommandDeckComponent"/>
  <testcase name="CommandDeckComponent should build sparkline points within the viewbox" time="0.006" classname="CommandDeckComponent"/>
  <testcase name="CommandDeckComponent should derive efficiency in J/TH from power and hashrate" time="0.004" classname="CommandDeckComponent"/>
  <testcase name="CommandDeckComponent should create" time="0.005" classname="CommandDeckComponent"/>
  <testcase name="CommandDeckComponent should report fallback pool as a warning insight" time="0.004" classname="CommandDeckComponent"/>
  <testcase name="CommandDeckComponent insight threshold boundaries (deterministic, no tuning advice) never suggests tuning actions or claims AI in insight copy" time="0.006" classname="CommandDeckComponent insight threshold boundaries (deterministic, no tuning advice)"/>
  <testcase name="CommandDeckComponent insight threshold boundaries (deterministic, no tuning advice) treats exactly 26 J/TH as excellent and just above as good" time="0.006" classname="CommandDeckComponent insight threshold boundaries (deterministic, no tuning advice)"/>
  <testcase name="CommandDeckComponent insight threshold boundaries (deterministic, no tuning advice) treats exactly 34 J/TH as good and just above as a warning" time="0.004" classname="CommandDeckComponent insight threshold boundaries (deterministic, no tuning advice)"/>
  <testcase name="CommandDeckComponent insight threshold boundaries (deterministic, no tuning advice) treats exactly 150 ms latency as healthy and just above as informational" time="0.004" classname="CommandDeckComponent insight threshold boundaries (deterministic, no tuning advice)"/>
  <testcase name="CommandDeckComponent insight threshold boundaries (deterministic, no tuning advice) treats exactly 15% domain spread as balanced and above as imbalance" time="0.004" classname="CommandDeckComponent insight threshold boundaries (deterministic, no tuning advice)"/>
  <testcase name="CommandDeckComponent should flag domain imbalance above 15 percent spread" time="0.005" classname="CommandDeckComponent"/>
  <testcase name="CommandDeckComponent should derive share stability" time="0.003" classname="CommandDeckComponent"/>
  <testcase name="CommandDeckComponent should report overheat mode as an error insight" time="0.003" classname="CommandDeckComponent"/>
  <testcase name="WifiIconComponent should create" time="0.008" classname="WifiIconComponent"/>
  <testcase name="LoadingService should be created" time="0.002" classname="LoadingService"/>
  <testcase name="LogsComponent should create" time="0.041" classname="LogsComponent"/>
  <testcase name="SwarmComponent should create" time="0.139" classname="SwarmComponent"/>
  <testcase name="GithubUpdateService should not fall back to another repository when no release exists" time="0.004" classname="GithubUpdateService"/>
  <testcase name="GithubUpdateService should target the NeuralAxe repository, never upstream ESP-Miner" time="0.001" classname="GithubUpdateService"/>
  <testcase name="GithubUpdateService should be created" time="0.001" classname="GithubUpdateService"/>
  <testcase name="GithubUpdateService should filter out prereleases" time="0.002" classname="GithubUpdateService"/>
  <testcase name="GithubUpdateService should propagate errors without retrying elsewhere" time="0.001" classname="GithubUpdateService"/>
  <testcase name="HashSuffixPipe create an instance" time="0" classname="HashSuffixPipe"/>
  <testcase name="NetworkEditComponent should create" time="0.009" classname="NetworkEditComponent"/>
  <testcase name="WifiIconComponent should create" time="0.007" classname="WifiIconComponent"/>
  <testcase name="DiffSuffixPipe create an instance" time="0" classname="DiffSuffixPipe"/>
  <testcase name="SettingsComponent should create" time="0.034" classname="SettingsComponent"/>
  <testcase name="HomeComponent should create" time="0.099" classname="HomeComponent"/>
  <testcase name="HomeComponent stale data and visibility state should set stale data error when visible and last message is old" time="0.008" classname="HomeComponent stale data and visibility state"/>
  <testcase name="HomeComponent stale data and visibility state should reset lastMessageTime and clear stale error when transitioning to visible" time="0.006" classname="HomeComponent stale data and visibility state"/>
  <testcase name="HomeComponent stale data and visibility state should NOT set stale data error when hidden and last message is old" time="0.005" classname="HomeComponent stale data and visibility state"/>
  <testcase name="NEURALAXE product identity should be frozen (read-only metadata)" time="0" classname="NEURALAXE product identity"/>
  <testcase name="NEURALAXE product identity should pin the update channel to the NeuralAxe repository" time="0" classname="NEURALAXE product identity"/>
  <testcase name="NEURALAXE product identity should attribute the upstream projects and keep versions separate" time="0.001" classname="NEURALAXE product identity"/>
  <testcase name="NEURALAXE product identity should declare the build target" time="0.001" classname="NEURALAXE product identity"/>
  <testcase name="NEURALAXE product identity should declare the NeuralAxe OS product identity" time="0" classname="NEURALAXE product identity"/>
  <testcase name="AddressPipe create an instance" time="0" classname="AddressPipe"/>
  <testcase name="NetworkComponent should create" time="0.004" classname="NetworkComponent"/>
  <testcase name="EditComponent should create" time="0.003" classname="EditComponent"/>
  <testcase name="WifiIconComponent should create" time="0.007" classname="WifiIconComponent"/>
  <testcase name="AppFooterComponent should attribute the upstream ESP-Miner / AxeOS projects" time="0.006" classname="AppFooterComponent"/>
  <testcase name="AppFooterComponent should show the NeuralAxe OS product identity" time="0.003" classname="AppFooterComponent"/>
  <testcase name="AppFooterComponent should create" time="0.002" classname="AppFooterComponent"/>
  <testcase name="LoadingComponent should create" time="0.005" classname="LoadingComponent"/>
  <testcase name="AppComponent should create the app" time="0.005" classname="AppComponent"/>
  <testcase name="ScoreboardComponent should create" time="0.011" classname="ScoreboardComponent"/>
  <testcase name="LocalStorageService should be created" time="0.001" classname="LocalStorageService"/>
  <testcase name="DateAgoPipe create an instance" time="0.001" classname="DateAgoPipe"/>
  <testcase name="deck-format (real-device formatting battery) fmtLatency handles zero as a valid reading" time="0" classname="deck-format (real-device formatting battery) fmtLatency"/>
  <testcase name="deck-format (real-device formatting battery) fmtLatency rounds real-device fractional latency to integer ms" time="0.001" classname="deck-format (real-device formatting battery) fmtLatency"/>
  <testcase name="deck-format (real-device formatting battery) fmtLatency falls back neutrally for invalid values" time="0" classname="deck-format (real-device formatting battery) fmtLatency"/>
  <testcase name="deck-format (real-device formatting battery) fmtLatency allows one decimal below 1 ms" time="0.001" classname="deck-format (real-device formatting battery) fmtLatency"/>
  <testcase name="deck-format (real-device formatting battery) fmtBytes / fmtTemp formats memory clearly with units" time="0" classname="deck-format (real-device formatting battery) fmtBytes / fmtTemp"/>
  <testcase name="deck-format (real-device formatting battery) fmtBytes / fmtTemp rounds temperatures to whole degrees" time="0.001" classname="deck-format (real-device formatting battery) fmtBytes / fmtTemp"/>
  <testcase name="deck-format (real-device formatting battery) fmtNum / fmtInt / fmtPct never renders NaN, Infinity, null or undefined" time="0" classname="deck-format (real-device formatting battery) fmtNum / fmtInt / fmtPct"/>
  <testcase name="deck-format (real-device formatting battery) fmtNum / fmtInt / fmtPct groups large integers" time="0.02" classname="deck-format (real-device formatting battery) fmtNum / fmtInt / fmtPct"/>
  <testcase name="deck-format (real-device formatting battery) fmtNum / fmtInt / fmtPct applies controlled precision" time="0.001" classname="deck-format (real-device formatting battery) fmtNum / fmtInt / fmtPct"/>
  <testcase name="SystemApiService should keep existing system-info version fields intact (regression)" time="1.008" classname="SystemApiService"/>
  <testcase name="SystemApiService should be created" time="0.001" classname="SystemApiService"/>
  <testcase name="SystemApiService should expose additive NeuralAxe metadata without replacing upstream fields" time="1.01" classname="SystemApiService"/>
  <testcase name="CommandDeckComponent (rendered with live-like data) should keep fan RPM and percentage cleanly separated (no overlap) with long RPM values" time="0.045" classname="CommandDeckComponent (rendered with live-like data)"/>
  <testcase name="CommandDeckComponent (rendered with live-like data) should format real-device latency and keep System Status factual" time="0.017" classname="CommandDeckComponent (rendered with live-like data)"/>
  <testcase name="CommandDeckComponent (rendered with live-like data) should render the Block Signal card without confetti iconography" time="0.016" classname="CommandDeckComponent (rendered with live-like data)"/>
  <testcase name="ModalComponent should create" time="0.002" classname="ModalComponent"/>
  <testcase name="AppMenuComponent (shell route consistency) should lead with Overview and keep the whitepaper accessible" time="0" classname="AppMenuComponent (shell route consistency)"/>
  <testcase name="AppMenuComponent (shell route consistency) should expose every NeuralAxe shell route exactly once" time="0" classname="AppMenuComponent (shell route consistency)"/>
  <testcase name="AppMenuComponent (shell route consistency) should not carry upstream primary branding in labels" time="0.001" classname="AppMenuComponent (shell route consistency)"/>
  <testcase name="UpdateComponent should keep the manual www.bin and esp-miner.bin upload controls available" time="0.028" classname="UpdateComponent"/>
  <testcase name="UpdateComponent should never check for releases in the background (no request without user action)" time="0.013" classname="UpdateComponent"/>
  <testcase name="UpdateComponent should report offline/rate-limit failures non-destructively" time="0.015" classname="UpdateComponent"/>
  <testcase name="UpdateComponent should report clearly when the NeuralAxe repository has no release" time="0.012" classname="UpdateComponent"/>
  <testcase name="UpdateComponent should create" time="0.009" classname="UpdateComponent"/>
  <testcase name="UpdateComponent should surface a NeuralAxe release when one exists" time="0.01" classname="UpdateComponent"/>
  <testcase name="ANSIPipe create an instance" time="0.001" classname="ANSIPipe"/>
  <testcase name="ByteSuffixPipe create an instance" time="0" classname="ByteSuffixPipe"/>
  <system-out>
    <![CDATA[Edge 150.0.0.0 (Windows 10) LOG: '🔒 Here be dragons! Advanced settings are locked for your protection. 
Only the bravest miners dare to venture forth... 
If you wish to unlock dangerous overclocking powers, add: %c?oc', 'color: #ff4400; text-decoration: underline; cursor: pointer; font-weight: bold;', 'to the current URL'
,Edge 150.0.0.0 (Windows 10) LOG: '🔒 Here be dragons! Advanced settings are locked for your protection. 
Only the bravest miners dare to venture forth... 
If you wish to unlock dangerous overclocking powers, add: %c?oc', 'color: #ff4400; text-decoration: underline; cursor: pointer; font-weight: bold;', 'to the current URL'

]]>
  </system-out>
  <system-err/>
</testsuite>